<?xml version="1.0" encoding="UTF-8"?>
<!-- Generated by org.testng.reporters.JUnitXMLReporter -->
<testsuite hostname="LAPTOP-0M8N8O8F" ignored="0" name="Test3" tests="3" failures="0" timestamp="2019-12-30T14:56:17 IST" time="121.068" errors="0">
  <testcase name="test1" time="53.096" classname="Day1Test.Day9NGParamfromXML"/>
  <testcase name="test1" time="53.41" classname="Day1Test.Day9NGParamfromXML"/>
  <testcase name="test1" time="53.443" classname="Day1Test.Day9NGParamfromXML"/>
</testsuite> <!-- Test3 -->
