<?xml version="1.0" encoding="UTF-8"?>
<!-- Generated by org.testng.reporters.JUnitXMLReporter -->
<testsuite hostname="LAPTOP-0M8N8O8F" ignored="5" name="Test1" tests="5" failures="0" timestamp="2019-12-23T17:00:19 IST" time="0.084" errors="0">
  <testcase name="test1" time="0.03" classname="Day1Test.Day6ExtentTestNG"/>
  <testcase name="test2" time="0.003" classname="Day1Test.Day6ExtentTestNG"/>
  <testcase name="test3" time="0.003" classname="Day1Test.Day6ExtentTestNG"/>
  <testcase name="test4" time="0.003" classname="Day1Test.Day6ExtentTestNG"/>
  <testcase name="test5" time="0.004" classname="Day1Test.Day6ExtentTestNG"/>
  <testcase name="test9" time="0.0" classname="Day1Test.Day6ExtentTestNG2">
    <ignored/>
  </testcase> <!-- test9 -->
  <testcase name="test7" time="0.0" classname="Day1Test.Day6ExtentTestNG2">
    <ignored/>
  </testcase> <!-- test7 -->
  <testcase name="test8" time="0.0" classname="Day1Test.Day6ExtentTestNG2">
    <ignored/>
  </testcase> <!-- test8 -->
  <testcase name="test10" time="0.0" classname="Day1Test.Day6ExtentTestNG2">
    <ignored/>
  </testcase> <!-- test10 -->
  <testcase name="test6" time="0.0" classname="Day1Test.Day6ExtentTestNG2">
    <ignored/>
  </testcase> <!-- test6 -->
</testsuite> <!-- Test1 -->
